<html>
<head>
<title>TestNG:  DBbank</title>
<link href="../testng.css" rel="stylesheet" type="text/css" />
<link href="../my-testng.css" rel="stylesheet" type="text/css" />

<style type="text/css">
.log { display: none;} 
.stack-trace { display: none;} 
</style>
<script type="text/javascript">
<!--
function flip(e) {
  current = e.style.display;
  if (current == 'block') {
    e.style.display = 'none';
    return 0;
  }
  else {
    e.style.display = 'block';
    return 1;
  }
}

function toggleBox(szDivId, elem, msg1, msg2)
{
  var res = -1;  if (document.getElementById) {
    res = flip(document.getElementById(szDivId));
  }
  else if (document.all) {
    // this is the way old msie versions work
    res = flip(document.all[szDivId]);
  }
  if(elem) {
    if(res == 0) elem.innerHTML = msg1; else elem.innerHTML = msg2;
  }

}

function toggleAllBoxes() {
  if (document.getElementsByTagName) {
    d = document.getElementsByTagName('div');
    for (i = 0; i < d.length; i++) {
      if (d[i].className == 'log') {
        flip(d[i]);
      }
    }
  }
}

// -->
</script>

</head>
<body>
<h2 align='center'>DBbank</h2><table border='1' align="center">
<tr>
<td>Tests passed/Failed/Skipped:</td><td>1/5/15</td>
</tr><tr>
<td>Started on:</td><td>Thu Jan 18 12:43:11 IST 2024</td>
</tr>
<tr><td>Total time:</td><td>679 seconds (679242 ms)</td>
</tr><tr>
<td>Included groups:</td><td></td>
</tr><tr>
<td>Excluded groups:</td><td></td>
</tr>
</table><p/>
<small><i>(Hover the method name to see the test class name)</i></small><p/>
<table width='100%' border='1' class='invocation-failed'>
<tr><td colspan='4' align='center'><b>FAILED TESTS</b></td></tr>
<tr><td><b>Test method</b></td>
<td width="30%"><b>Exception</b></td>
<td width="10%"><b>Time (seconds)</b></td>
<td><b>Instance</b></td>
</tr>
<tr>
<td title='runner.TestNGRunner.runScenario()'><b>runScenario</b><br>Test class: runner.TestNGRunner<br>Test method: Runs Cucumber Scenarios<br>Parameters: "Test amount transfer or not", "Enter Acounts and amount for transfer amount"</td>
<td><div><pre>java.lang.AssertionError: expected [View Savings Accounts] but found [Internal Transfer]
	at stepdef.TranferPage.amount_succesfully_transfer(TranferPage.java:68)
	at ✽.amount succesfully transfer(file:///C:/Users/KIIT/eclipse-workspace/RLLDBbank/src/test/java/feature/transfer.feature:11)
... Removed 6 stack frames</pre></div><a href='#' onClick='toggleBox("stack-trace1517251756", this, "Click to show all stack frames", "Click to hide stack frames")'>Click to show all stack frames</a>
<div class='stack-trace' id='stack-trace1517251756'><pre>java.lang.AssertionError: expected [View Savings Accounts] but found [Internal Transfer]
	at org.testng.Assert.fail(Assert.java:99)
	at org.testng.Assert.failNotEquals(Assert.java:1037)
	at org.testng.Assert.assertEqualsImpl(Assert.java:140)
	at org.testng.Assert.assertEquals(Assert.java:122)
	at org.testng.Assert.assertEquals(Assert.java:629)
	at org.testng.Assert.assertEquals(Assert.java:639)
	at stepdef.TranferPage.amount_succesfully_transfer(TranferPage.java:68)
	at ✽.amount succesfully transfer(file:///C:/Users/KIIT/eclipse-workspace/RLLDBbank/src/test/java/feature/transfer.feature:11)
</pre></div></td>
<td>33</td>
<td>runner.TestNGRunner@27406a17</td></tr>
<tr>
<td title='runner.TestNGRunner.runScenario()'><b>runScenario</b><br>Test class: runner.TestNGRunner<br>Test method: Runs Cucumber Scenarios<br>Parameters: "Test amount transfer or not", "Enter Acounts and amount for transfer amount"</td>
<td><div><pre>java.lang.AssertionError: expected [View Savings Accounts] but found [Internal Transfer]
	at stepdef.TranferPage.amount_succesfully_transfer(TranferPage.java:68)
	at ✽.amount succesfully transfer(file:///C:/Users/KIIT/eclipse-workspace/RLLDBbank/src/test/java/feature/transfer.feature:11)
... Removed 6 stack frames</pre></div><a href='#' onClick='toggleBox("stack-trace1083142315", this, "Click to show all stack frames", "Click to hide stack frames")'>Click to show all stack frames</a>
<div class='stack-trace' id='stack-trace1083142315'><pre>java.lang.AssertionError: expected [View Savings Accounts] but found [Internal Transfer]
	at org.testng.Assert.fail(Assert.java:99)
	at org.testng.Assert.failNotEquals(Assert.java:1037)
	at org.testng.Assert.assertEqualsImpl(Assert.java:140)
	at org.testng.Assert.assertEquals(Assert.java:122)
	at org.testng.Assert.assertEquals(Assert.java:629)
	at org.testng.Assert.assertEquals(Assert.java:639)
	at stepdef.TranferPage.amount_succesfully_transfer(TranferPage.java:68)
	at ✽.amount succesfully transfer(file:///C:/Users/KIIT/eclipse-workspace/RLLDBbank/src/test/java/feature/transfer.feature:11)
</pre></div></td>
<td>31</td>
<td>runner.TestNGRunner@27406a17</td></tr>
<tr>
<td title='runner.TestNGRunner.runScenario()'><b>runScenario</b><br>Test class: runner.TestNGRunner<br>Test method: Runs Cucumber Scenarios<br>Parameters: "Test amount transfer or not", "Enter Acounts and amount for transfer amount"</td>
<td><div><pre>java.lang.AssertionError: expected [View Savings Accounts] but found [Internal Transfer]
	at stepdef.TranferPage.amount_succesfully_transfer(TranferPage.java:68)
	at ✽.amount succesfully transfer(file:///C:/Users/KIIT/eclipse-workspace/RLLDBbank/src/test/java/feature/transfer.feature:11)
... Removed 6 stack frames</pre></div><a href='#' onClick='toggleBox("stack-trace118186765", this, "Click to show all stack frames", "Click to hide stack frames")'>Click to show all stack frames</a>
<div class='stack-trace' id='stack-trace118186765'><pre>java.lang.AssertionError: expected [View Savings Accounts] but found [Internal Transfer]
	at org.testng.Assert.fail(Assert.java:99)
	at org.testng.Assert.failNotEquals(Assert.java:1037)
	at org.testng.Assert.assertEqualsImpl(Assert.java:140)
	at org.testng.Assert.assertEquals(Assert.java:122)
	at org.testng.Assert.assertEquals(Assert.java:629)
	at org.testng.Assert.assertEquals(Assert.java:639)
	at stepdef.TranferPage.amount_succesfully_transfer(TranferPage.java:68)
	at ✽.amount succesfully transfer(file:///C:/Users/KIIT/eclipse-workspace/RLLDBbank/src/test/java/feature/transfer.feature:11)
</pre></div></td>
<td>27</td>
<td>runner.TestNGRunner@27406a17</td></tr>
<tr>
<td title='runner.TestNGRunner.runScenario()'><b>runScenario</b><br>Test class: runner.TestNGRunner<br>Test method: Runs Cucumber Scenarios<br>Parameters: "Test amount transfer or not", "Enter Acounts and amount for transfer amount"</td>
<td><div><pre>java.lang.AssertionError: expected [View Savings Accounts] but found [Internal Transfer]
	at stepdef.TranferPage.amount_succesfully_transfer(TranferPage.java:68)
	at ✽.amount succesfully transfer(file:///C:/Users/KIIT/eclipse-workspace/RLLDBbank/src/test/java/feature/transfer.feature:11)
... Removed 6 stack frames</pre></div><a href='#' onClick='toggleBox("stack-trace1943829936", this, "Click to show all stack frames", "Click to hide stack frames")'>Click to show all stack frames</a>
<div class='stack-trace' id='stack-trace1943829936'><pre>java.lang.AssertionError: expected [View Savings Accounts] but found [Internal Transfer]
	at org.testng.Assert.fail(Assert.java:99)
	at org.testng.Assert.failNotEquals(Assert.java:1037)
	at org.testng.Assert.assertEqualsImpl(Assert.java:140)
	at org.testng.Assert.assertEquals(Assert.java:122)
	at org.testng.Assert.assertEquals(Assert.java:629)
	at org.testng.Assert.assertEquals(Assert.java:639)
	at stepdef.TranferPage.amount_succesfully_transfer(TranferPage.java:68)
	at ✽.amount succesfully transfer(file:///C:/Users/KIIT/eclipse-workspace/RLLDBbank/src/test/java/feature/transfer.feature:11)
</pre></div></td>
<td>30</td>
<td>runner.TestNGRunner@27406a17</td></tr>
<tr>
<td title='runner.TestNGRunner.runScenario()'><b>runScenario</b><br>Test class: runner.TestNGRunner<br>Test method: Runs Cucumber Scenarios<br>Parameters: "Test amount transfer or not", "Enter Acounts and amount for transfer amount"</td>
<td><div><pre>java.lang.AssertionError: expected [View Savings Accounts] but found [Internal Transfer]
	at stepdef.TranferPage.amount_succesfully_transfer(TranferPage.java:68)
	at ✽.amount succesfully transfer(file:///C:/Users/KIIT/eclipse-workspace/RLLDBbank/src/test/java/feature/transfer.feature:11)
... Removed 6 stack frames</pre></div><a href='#' onClick='toggleBox("stack-trace13612130", this, "Click to show all stack frames", "Click to hide stack frames")'>Click to show all stack frames</a>
<div class='stack-trace' id='stack-trace13612130'><pre>java.lang.AssertionError: expected [View Savings Accounts] but found [Internal Transfer]
	at org.testng.Assert.fail(Assert.java:99)
	at org.testng.Assert.failNotEquals(Assert.java:1037)
	at org.testng.Assert.assertEqualsImpl(Assert.java:140)
	at org.testng.Assert.assertEquals(Assert.java:122)
	at org.testng.Assert.assertEquals(Assert.java:629)
	at org.testng.Assert.assertEquals(Assert.java:639)
	at stepdef.TranferPage.amount_succesfully_transfer(TranferPage.java:68)
	at ✽.amount succesfully transfer(file:///C:/Users/KIIT/eclipse-workspace/RLLDBbank/src/test/java/feature/transfer.feature:11)
</pre></div></td>
<td>31</td>
<td>runner.TestNGRunner@27406a17</td></tr>
</table><p>
<table width='100%' border='1' class='invocation-passed'>
<tr><td colspan='4' align='center'><b>PASSED TESTS</b></td></tr>
<tr><td><b>Test method</b></td>
<td width="30%"><b>Exception</b></td>
<td width="10%"><b>Time (seconds)</b></td>
<td><b>Instance</b></td>
</tr>
<tr>
<td title='runner.TestNGRunner.runScenario()'><b>runScenario</b><br>Test class: runner.TestNGRunner<br>Test method: Runs Cucumber Scenarios<br>Parameters: "Test amount transfer or not", "Enter Acounts and amount for transfer amount"</td>
<td></td>
<td>38</td>
<td>runner.TestNGRunner@27406a17</td></tr>
</table><p>
<table width='100%' border='1' class='invocation-skipped'>
<tr><td colspan='4' align='center'><b>SKIPPED TESTS</b></td></tr>
<tr><td><b>Test method</b></td>
<td width="30%"><b>Exception</b></td>
<td width="10%"><b>Time (seconds)</b></td>
<td><b>Instance</b></td>
</tr>
<tr>
<td title='runner.TestNGRunner.runScenario()'><b>runScenario</b><br>Test class: runner.TestNGRunner<br>Test method: Runs Cucumber Scenarios<br>Parameters: "Test amount transfer or not", "Enter Acounts and amount for transfer amount"</td>
<td><div><pre>java.lang.AssertionError: expected [View Savings Accounts] but found [Internal Transfer]
	at stepdef.TranferPage.amount_succesfully_transfer(TranferPage.java:68)
	at ✽.amount succesfully transfer(file:///C:/Users/KIIT/eclipse-workspace/RLLDBbank/src/test/java/feature/transfer.feature:11)
... Removed 6 stack frames</pre></div><a href='#' onClick='toggleBox("stack-trace1652008086", this, "Click to show all stack frames", "Click to hide stack frames")'>Click to show all stack frames</a>
<div class='stack-trace' id='stack-trace1652008086'><pre>java.lang.AssertionError: expected [View Savings Accounts] but found [Internal Transfer]
	at org.testng.Assert.fail(Assert.java:99)
	at org.testng.Assert.failNotEquals(Assert.java:1037)
	at org.testng.Assert.assertEqualsImpl(Assert.java:140)
	at org.testng.Assert.assertEquals(Assert.java:122)
	at org.testng.Assert.assertEquals(Assert.java:629)
	at org.testng.Assert.assertEquals(Assert.java:639)
	at stepdef.TranferPage.amount_succesfully_transfer(TranferPage.java:68)
	at ✽.amount succesfully transfer(file:///C:/Users/KIIT/eclipse-workspace/RLLDBbank/src/test/java/feature/transfer.feature:11)
</pre></div></td>
<td>25</td>
<td>runner.TestNGRunner@27406a17</td></tr>
<tr>
<td title='runner.TestNGRunner.runScenario()'><b>runScenario</b><br>Test class: runner.TestNGRunner<br>Test method: Runs Cucumber Scenarios<br>Parameters: "Test amount transfer or not", "Enter Acounts and amount for transfer amount"</td>
<td><div><pre>java.lang.AssertionError: expected [View Savings Accounts] but found [Internal Transfer]
	at stepdef.TranferPage.amount_succesfully_transfer(TranferPage.java:68)
	at ✽.amount succesfully transfer(file:///C:/Users/KIIT/eclipse-workspace/RLLDBbank/src/test/java/feature/transfer.feature:11)
... Removed 6 stack frames</pre></div><a href='#' onClick='toggleBox("stack-trace664449374", this, "Click to show all stack frames", "Click to hide stack frames")'>Click to show all stack frames</a>
<div class='stack-trace' id='stack-trace664449374'><pre>java.lang.AssertionError: expected [View Savings Accounts] but found [Internal Transfer]
	at org.testng.Assert.fail(Assert.java:99)
	at org.testng.Assert.failNotEquals(Assert.java:1037)
	at org.testng.Assert.assertEqualsImpl(Assert.java:140)
	at org.testng.Assert.assertEquals(Assert.java:122)
	at org.testng.Assert.assertEquals(Assert.java:629)
	at org.testng.Assert.assertEquals(Assert.java:639)
	at stepdef.TranferPage.amount_succesfully_transfer(TranferPage.java:68)
	at ✽.amount succesfully transfer(file:///C:/Users/KIIT/eclipse-workspace/RLLDBbank/src/test/java/feature/transfer.feature:11)
</pre></div></td>
<td>30</td>
<td>runner.TestNGRunner@27406a17</td></tr>
<tr>
<td title='runner.TestNGRunner.runScenario()'><b>runScenario</b><br>Test class: runner.TestNGRunner<br>Test method: Runs Cucumber Scenarios<br>Parameters: "Test amount transfer or not", "Enter Acounts and amount for transfer amount"</td>
<td><div><pre>java.lang.AssertionError: expected [View Savings Accounts] but found [Internal Transfer]
	at stepdef.TranferPage.amount_succesfully_transfer(TranferPage.java:68)
	at ✽.amount succesfully transfer(file:///C:/Users/KIIT/eclipse-workspace/RLLDBbank/src/test/java/feature/transfer.feature:11)
... Removed 6 stack frames</pre></div><a href='#' onClick='toggleBox("stack-trace1305669460", this, "Click to show all stack frames", "Click to hide stack frames")'>Click to show all stack frames</a>
<div class='stack-trace' id='stack-trace1305669460'><pre>java.lang.AssertionError: expected [View Savings Accounts] but found [Internal Transfer]
	at org.testng.Assert.fail(Assert.java:99)
	at org.testng.Assert.failNotEquals(Assert.java:1037)
	at org.testng.Assert.assertEqualsImpl(Assert.java:140)
	at org.testng.Assert.assertEquals(Assert.java:122)
	at org.testng.Assert.assertEquals(Assert.java:629)
	at org.testng.Assert.assertEquals(Assert.java:639)
	at stepdef.TranferPage.amount_succesfully_transfer(TranferPage.java:68)
	at ✽.amount succesfully transfer(file:///C:/Users/KIIT/eclipse-workspace/RLLDBbank/src/test/java/feature/transfer.feature:11)
</pre></div></td>
<td>31</td>
<td>runner.TestNGRunner@27406a17</td></tr>
<tr>
<td title='runner.TestNGRunner.runScenario()'><b>runScenario</b><br>Test class: runner.TestNGRunner<br>Test method: Runs Cucumber Scenarios<br>Parameters: "Test amount transfer or not", "Enter Acounts and amount for transfer amount"</td>
<td><div><pre>java.lang.AssertionError: expected [View Savings Accounts] but found [Internal Transfer]
	at stepdef.TranferPage.amount_succesfully_transfer(TranferPage.java:68)
	at ✽.amount succesfully transfer(file:///C:/Users/KIIT/eclipse-workspace/RLLDBbank/src/test/java/feature/transfer.feature:11)
... Removed 6 stack frames</pre></div><a href='#' onClick='toggleBox("stack-trace599808137", this, "Click to show all stack frames", "Click to hide stack frames")'>Click to show all stack frames</a>
<div class='stack-trace' id='stack-trace599808137'><pre>java.lang.AssertionError: expected [View Savings Accounts] but found [Internal Transfer]
	at org.testng.Assert.fail(Assert.java:99)
	at org.testng.Assert.failNotEquals(Assert.java:1037)
	at org.testng.Assert.assertEqualsImpl(Assert.java:140)
	at org.testng.Assert.assertEquals(Assert.java:122)
	at org.testng.Assert.assertEquals(Assert.java:629)
	at org.testng.Assert.assertEquals(Assert.java:639)
	at stepdef.TranferPage.amount_succesfully_transfer(TranferPage.java:68)
	at ✽.amount succesfully transfer(file:///C:/Users/KIIT/eclipse-workspace/RLLDBbank/src/test/java/feature/transfer.feature:11)
</pre></div></td>
<td>37</td>
<td>runner.TestNGRunner@27406a17</td></tr>
<tr>
<td title='runner.TestNGRunner.runScenario()'><b>runScenario</b><br>Test class: runner.TestNGRunner<br>Test method: Runs Cucumber Scenarios<br>Parameters: "Test amount transfer or not", "Enter Acounts and amount for transfer amount"</td>
<td><div><pre>java.lang.AssertionError: expected [View Savings Accounts] but found [Internal Transfer]
	at stepdef.TranferPage.amount_succesfully_transfer(TranferPage.java:68)
	at ✽.amount succesfully transfer(file:///C:/Users/KIIT/eclipse-workspace/RLLDBbank/src/test/java/feature/transfer.feature:11)
... Removed 6 stack frames</pre></div><a href='#' onClick='toggleBox("stack-trace1599108857", this, "Click to show all stack frames", "Click to hide stack frames")'>Click to show all stack frames</a>
<div class='stack-trace' id='stack-trace1599108857'><pre>java.lang.AssertionError: expected [View Savings Accounts] but found [Internal Transfer]
	at org.testng.Assert.fail(Assert.java:99)
	at org.testng.Assert.failNotEquals(Assert.java:1037)
	at org.testng.Assert.assertEqualsImpl(Assert.java:140)
	at org.testng.Assert.assertEquals(Assert.java:122)
	at org.testng.Assert.assertEquals(Assert.java:629)
	at org.testng.Assert.assertEquals(Assert.java:639)
	at stepdef.TranferPage.amount_succesfully_transfer(TranferPage.java:68)
	at ✽.amount succesfully transfer(file:///C:/Users/KIIT/eclipse-workspace/RLLDBbank/src/test/java/feature/transfer.feature:11)
</pre></div></td>
<td>24</td>
<td>runner.TestNGRunner@27406a17</td></tr>
<tr>
<td title='runner.TestNGRunner.runScenario()'><b>runScenario</b><br>Test class: runner.TestNGRunner<br>Test method: Runs Cucumber Scenarios<br>Parameters: "Test amount transfer or not", "Enter Acounts and amount for transfer amount"</td>
<td><div><pre>java.lang.AssertionError: expected [View Savings Accounts] but found [Internal Transfer]
	at stepdef.TranferPage.amount_succesfully_transfer(TranferPage.java:68)
	at ✽.amount succesfully transfer(file:///C:/Users/KIIT/eclipse-workspace/RLLDBbank/src/test/java/feature/transfer.feature:11)
... Removed 6 stack frames</pre></div><a href='#' onClick='toggleBox("stack-trace994825025", this, "Click to show all stack frames", "Click to hide stack frames")'>Click to show all stack frames</a>
<div class='stack-trace' id='stack-trace994825025'><pre>java.lang.AssertionError: expected [View Savings Accounts] but found [Internal Transfer]
	at org.testng.Assert.fail(Assert.java:99)
	at org.testng.Assert.failNotEquals(Assert.java:1037)
	at org.testng.Assert.assertEqualsImpl(Assert.java:140)
	at org.testng.Assert.assertEquals(Assert.java:122)
	at org.testng.Assert.assertEquals(Assert.java:629)
	at org.testng.Assert.assertEquals(Assert.java:639)
	at stepdef.TranferPage.amount_succesfully_transfer(TranferPage.java:68)
	at ✽.amount succesfully transfer(file:///C:/Users/KIIT/eclipse-workspace/RLLDBbank/src/test/java/feature/transfer.feature:11)
</pre></div></td>
<td>38</td>
<td>runner.TestNGRunner@27406a17</td></tr>
<tr>
<td title='runner.TestNGRunner.runScenario()'><b>runScenario</b><br>Test class: runner.TestNGRunner<br>Test method: Runs Cucumber Scenarios<br>Parameters: "Test amount transfer or not", "Enter Acounts and amount for transfer amount"</td>
<td><div><pre>java.lang.AssertionError: expected [View Savings Accounts] but found [Internal Transfer]
	at stepdef.TranferPage.amount_succesfully_transfer(TranferPage.java:68)
	at ✽.amount succesfully transfer(file:///C:/Users/KIIT/eclipse-workspace/RLLDBbank/src/test/java/feature/transfer.feature:11)
... Removed 6 stack frames</pre></div><a href='#' onClick='toggleBox("stack-trace148018969", this, "Click to show all stack frames", "Click to hide stack frames")'>Click to show all stack frames</a>
<div class='stack-trace' id='stack-trace148018969'><pre>java.lang.AssertionError: expected [View Savings Accounts] but found [Internal Transfer]
	at org.testng.Assert.fail(Assert.java:99)
	at org.testng.Assert.failNotEquals(Assert.java:1037)
	at org.testng.Assert.assertEqualsImpl(Assert.java:140)
	at org.testng.Assert.assertEquals(Assert.java:122)
	at org.testng.Assert.assertEquals(Assert.java:629)
	at org.testng.Assert.assertEquals(Assert.java:639)
	at stepdef.TranferPage.amount_succesfully_transfer(TranferPage.java:68)
	at ✽.amount succesfully transfer(file:///C:/Users/KIIT/eclipse-workspace/RLLDBbank/src/test/java/feature/transfer.feature:11)
</pre></div></td>
<td>29</td>
<td>runner.TestNGRunner@27406a17</td></tr>
<tr>
<td title='runner.TestNGRunner.runScenario()'><b>runScenario</b><br>Test class: runner.TestNGRunner<br>Test method: Runs Cucumber Scenarios<br>Parameters: "Test amount transfer or not", "Enter Acounts and amount for transfer amount"</td>
<td><div><pre>java.lang.AssertionError: expected [View Savings Accounts] but found [Internal Transfer]
	at stepdef.TranferPage.amount_succesfully_transfer(TranferPage.java:68)
	at ✽.amount succesfully transfer(file:///C:/Users/KIIT/eclipse-workspace/RLLDBbank/src/test/java/feature/transfer.feature:11)
... Removed 6 stack frames</pre></div><a href='#' onClick='toggleBox("stack-trace1553886613", this, "Click to show all stack frames", "Click to hide stack frames")'>Click to show all stack frames</a>
<div class='stack-trace' id='stack-trace1553886613'><pre>java.lang.AssertionError: expected [View Savings Accounts] but found [Internal Transfer]
	at org.testng.Assert.fail(Assert.java:99)
	at org.testng.Assert.failNotEquals(Assert.java:1037)
	at org.testng.Assert.assertEqualsImpl(Assert.java:140)
	at org.testng.Assert.assertEquals(Assert.java:122)
	at org.testng.Assert.assertEquals(Assert.java:629)
	at org.testng.Assert.assertEquals(Assert.java:639)
	at stepdef.TranferPage.amount_succesfully_transfer(TranferPage.java:68)
	at ✽.amount succesfully transfer(file:///C:/Users/KIIT/eclipse-workspace/RLLDBbank/src/test/java/feature/transfer.feature:11)
</pre></div></td>
<td>33</td>
<td>runner.TestNGRunner@27406a17</td></tr>
<tr>
<td title='runner.TestNGRunner.runScenario()'><b>runScenario</b><br>Test class: runner.TestNGRunner<br>Test method: Runs Cucumber Scenarios<br>Parameters: "Test amount transfer or not", "Enter Acounts and amount for transfer amount"</td>
<td><div><pre>java.lang.AssertionError: expected [View Savings Accounts] but found [Internal Transfer]
	at stepdef.TranferPage.amount_succesfully_transfer(TranferPage.java:68)
	at ✽.amount succesfully transfer(file:///C:/Users/KIIT/eclipse-workspace/RLLDBbank/src/test/java/feature/transfer.feature:11)
... Removed 6 stack frames</pre></div><a href='#' onClick='toggleBox("stack-trace1507557910", this, "Click to show all stack frames", "Click to hide stack frames")'>Click to show all stack frames</a>
<div class='stack-trace' id='stack-trace1507557910'><pre>java.lang.AssertionError: expected [View Savings Accounts] but found [Internal Transfer]
	at org.testng.Assert.fail(Assert.java:99)
	at org.testng.Assert.failNotEquals(Assert.java:1037)
	at org.testng.Assert.assertEqualsImpl(Assert.java:140)
	at org.testng.Assert.assertEquals(Assert.java:122)
	at org.testng.Assert.assertEquals(Assert.java:629)
	at org.testng.Assert.assertEquals(Assert.java:639)
	at stepdef.TranferPage.amount_succesfully_transfer(TranferPage.java:68)
	at ✽.amount succesfully transfer(file:///C:/Users/KIIT/eclipse-workspace/RLLDBbank/src/test/java/feature/transfer.feature:11)
</pre></div></td>
<td>27</td>
<td>runner.TestNGRunner@27406a17</td></tr>
<tr>
<td title='runner.TestNGRunner.runScenario()'><b>runScenario</b><br>Test class: runner.TestNGRunner<br>Test method: Runs Cucumber Scenarios<br>Parameters: "Test amount transfer or not", "Enter Acounts and amount for transfer amount"</td>
<td><div><pre>java.lang.AssertionError: expected [View Savings Accounts] but found [Internal Transfer]
	at stepdef.TranferPage.amount_succesfully_transfer(TranferPage.java:68)
	at ✽.amount succesfully transfer(file:///C:/Users/KIIT/eclipse-workspace/RLLDBbank/src/test/java/feature/transfer.feature:11)
... Removed 6 stack frames</pre></div><a href='#' onClick='toggleBox("stack-trace1488129598", this, "Click to show all stack frames", "Click to hide stack frames")'>Click to show all stack frames</a>
<div class='stack-trace' id='stack-trace1488129598'><pre>java.lang.AssertionError: expected [View Savings Accounts] but found [Internal Transfer]
	at org.testng.Assert.fail(Assert.java:99)
	at org.testng.Assert.failNotEquals(Assert.java:1037)
	at org.testng.Assert.assertEqualsImpl(Assert.java:140)
	at org.testng.Assert.assertEquals(Assert.java:122)
	at org.testng.Assert.assertEquals(Assert.java:629)
	at org.testng.Assert.assertEquals(Assert.java:639)
	at stepdef.TranferPage.amount_succesfully_transfer(TranferPage.java:68)
	at ✽.amount succesfully transfer(file:///C:/Users/KIIT/eclipse-workspace/RLLDBbank/src/test/java/feature/transfer.feature:11)
</pre></div></td>
<td>35</td>
<td>runner.TestNGRunner@27406a17</td></tr>
<tr>
<td title='runner.TestNGRunner.runScenario()'><b>runScenario</b><br>Test class: runner.TestNGRunner<br>Test method: Runs Cucumber Scenarios<br>Parameters: "Test amount transfer or not", "Enter Acounts and amount for transfer amount"</td>
<td><div><pre>java.lang.AssertionError: expected [View Savings Accounts] but found [Internal Transfer]
	at stepdef.TranferPage.amount_succesfully_transfer(TranferPage.java:68)
	at ✽.amount succesfully transfer(file:///C:/Users/KIIT/eclipse-workspace/RLLDBbank/src/test/java/feature/transfer.feature:11)
... Removed 6 stack frames</pre></div><a href='#' onClick='toggleBox("stack-trace741658148", this, "Click to show all stack frames", "Click to hide stack frames")'>Click to show all stack frames</a>
<div class='stack-trace' id='stack-trace741658148'><pre>java.lang.AssertionError: expected [View Savings Accounts] but found [Internal Transfer]
	at org.testng.Assert.fail(Assert.java:99)
	at org.testng.Assert.failNotEquals(Assert.java:1037)
	at org.testng.Assert.assertEqualsImpl(Assert.java:140)
	at org.testng.Assert.assertEquals(Assert.java:122)
	at org.testng.Assert.assertEquals(Assert.java:629)
	at org.testng.Assert.assertEquals(Assert.java:639)
	at stepdef.TranferPage.amount_succesfully_transfer(TranferPage.java:68)
	at ✽.amount succesfully transfer(file:///C:/Users/KIIT/eclipse-workspace/RLLDBbank/src/test/java/feature/transfer.feature:11)
</pre></div></td>
<td>25</td>
<td>runner.TestNGRunner@27406a17</td></tr>
<tr>
<td title='runner.TestNGRunner.runScenario()'><b>runScenario</b><br>Test class: runner.TestNGRunner<br>Test method: Runs Cucumber Scenarios<br>Parameters: "Test amount transfer or not", "Enter Acounts and amount for transfer amount"</td>
<td><div><pre>java.lang.AssertionError: expected [View Savings Accounts] but found [Internal Transfer]
	at stepdef.TranferPage.amount_succesfully_transfer(TranferPage.java:68)
	at ✽.amount succesfully transfer(file:///C:/Users/KIIT/eclipse-workspace/RLLDBbank/src/test/java/feature/transfer.feature:11)
... Removed 6 stack frames</pre></div><a href='#' onClick='toggleBox("stack-trace1248201524", this, "Click to show all stack frames", "Click to hide stack frames")'>Click to show all stack frames</a>
<div class='stack-trace' id='stack-trace1248201524'><pre>java.lang.AssertionError: expected [View Savings Accounts] but found [Internal Transfer]
	at org.testng.Assert.fail(Assert.java:99)
	at org.testng.Assert.failNotEquals(Assert.java:1037)
	at org.testng.Assert.assertEqualsImpl(Assert.java:140)
	at org.testng.Assert.assertEquals(Assert.java:122)
	at org.testng.Assert.assertEquals(Assert.java:629)
	at org.testng.Assert.assertEquals(Assert.java:639)
	at stepdef.TranferPage.amount_succesfully_transfer(TranferPage.java:68)
	at ✽.amount succesfully transfer(file:///C:/Users/KIIT/eclipse-workspace/RLLDBbank/src/test/java/feature/transfer.feature:11)
</pre></div></td>
<td>34</td>
<td>runner.TestNGRunner@27406a17</td></tr>
<tr>
<td title='runner.TestNGRunner.runScenario()'><b>runScenario</b><br>Test class: runner.TestNGRunner<br>Test method: Runs Cucumber Scenarios<br>Parameters: "Test amount transfer or not", "Enter Acounts and amount for transfer amount"</td>
<td><div><pre>java.lang.AssertionError: expected [View Savings Accounts] but found [Internal Transfer]
	at stepdef.TranferPage.amount_succesfully_transfer(TranferPage.java:68)
	at ✽.amount succesfully transfer(file:///C:/Users/KIIT/eclipse-workspace/RLLDBbank/src/test/java/feature/transfer.feature:11)
... Removed 6 stack frames</pre></div><a href='#' onClick='toggleBox("stack-trace1991656106", this, "Click to show all stack frames", "Click to hide stack frames")'>Click to show all stack frames</a>
<div class='stack-trace' id='stack-trace1991656106'><pre>java.lang.AssertionError: expected [View Savings Accounts] but found [Internal Transfer]
	at org.testng.Assert.fail(Assert.java:99)
	at org.testng.Assert.failNotEquals(Assert.java:1037)
	at org.testng.Assert.assertEqualsImpl(Assert.java:140)
	at org.testng.Assert.assertEquals(Assert.java:122)
	at org.testng.Assert.assertEquals(Assert.java:629)
	at org.testng.Assert.assertEquals(Assert.java:639)
	at stepdef.TranferPage.amount_succesfully_transfer(TranferPage.java:68)
	at ✽.amount succesfully transfer(file:///C:/Users/KIIT/eclipse-workspace/RLLDBbank/src/test/java/feature/transfer.feature:11)
</pre></div></td>
<td>46</td>
<td>runner.TestNGRunner@27406a17</td></tr>
<tr>
<td title='runner.TestNGRunner.runScenario()'><b>runScenario</b><br>Test class: runner.TestNGRunner<br>Test method: Runs Cucumber Scenarios<br>Parameters: "Test amount transfer or not", "Enter Acounts and amount for transfer amount"</td>
<td><div><pre>java.lang.AssertionError: expected [View Savings Accounts] but found [Internal Transfer]
	at stepdef.TranferPage.amount_succesfully_transfer(TranferPage.java:68)
	at ✽.amount succesfully transfer(file:///C:/Users/KIIT/eclipse-workspace/RLLDBbank/src/test/java/feature/transfer.feature:11)
... Removed 6 stack frames</pre></div><a href='#' onClick='toggleBox("stack-trace892981061", this, "Click to show all stack frames", "Click to hide stack frames")'>Click to show all stack frames</a>
<div class='stack-trace' id='stack-trace892981061'><pre>java.lang.AssertionError: expected [View Savings Accounts] but found [Internal Transfer]
	at org.testng.Assert.fail(Assert.java:99)
	at org.testng.Assert.failNotEquals(Assert.java:1037)
	at org.testng.Assert.assertEqualsImpl(Assert.java:140)
	at org.testng.Assert.assertEquals(Assert.java:122)
	at org.testng.Assert.assertEquals(Assert.java:629)
	at org.testng.Assert.assertEquals(Assert.java:639)
	at stepdef.TranferPage.amount_succesfully_transfer(TranferPage.java:68)
	at ✽.amount succesfully transfer(file:///C:/Users/KIIT/eclipse-workspace/RLLDBbank/src/test/java/feature/transfer.feature:11)
</pre></div></td>
<td>26</td>
<td>runner.TestNGRunner@27406a17</td></tr>
<tr>
<td title='runner.TestNGRunner.runScenario()'><b>runScenario</b><br>Test class: runner.TestNGRunner<br>Test method: Runs Cucumber Scenarios<br>Parameters: "Test amount transfer or not", "Enter Acounts and amount for transfer amount"</td>
<td><div><pre>java.lang.AssertionError: expected [View Savings Accounts] but found [Internal Transfer]
	at stepdef.TranferPage.amount_succesfully_transfer(TranferPage.java:68)
	at ✽.amount succesfully transfer(file:///C:/Users/KIIT/eclipse-workspace/RLLDBbank/src/test/java/feature/transfer.feature:11)
... Removed 6 stack frames</pre></div><a href='#' onClick='toggleBox("stack-trace1475028309", this, "Click to show all stack frames", "Click to hide stack frames")'>Click to show all stack frames</a>
<div class='stack-trace' id='stack-trace1475028309'><pre>java.lang.AssertionError: expected [View Savings Accounts] but found [Internal Transfer]
	at org.testng.Assert.fail(Assert.java:99)
	at org.testng.Assert.failNotEquals(Assert.java:1037)
	at org.testng.Assert.assertEqualsImpl(Assert.java:140)
	at org.testng.Assert.assertEquals(Assert.java:122)
	at org.testng.Assert.assertEquals(Assert.java:629)
	at org.testng.Assert.assertEquals(Assert.java:639)
	at stepdef.TranferPage.amount_succesfully_transfer(TranferPage.java:68)
	at ✽.amount succesfully transfer(file:///C:/Users/KIIT/eclipse-workspace/RLLDBbank/src/test/java/feature/transfer.feature:11)
</pre></div></td>
<td>29</td>
<td>runner.TestNGRunner@27406a17</td></tr>
</table><p>
</body>
</html>